style3_lowpoly_studio	flux-2-max	7.000000000000001
style3_lowpoly_iso_diorama	flux-2-max	7.000000000000001
style3_lowpoly_goldenhour	flux-2-max	7.000000000000001
style3_lowpoly_vibrant	flux-2-max	7.000000000000001
style3_soft3d_spline	flux-2-max	7.000000000000001
style3_celshaded_toon	flux-2-max	7.000000000000001
style3_papercraft	flux-2-max	7.000000000000001
style3_flat_iso_onbrand	flux-2-max	7.000000000000001
style4_A_flat_iso_brand	flux-2-max	7.000000000000001
style4_B_flat_iso_depth	flux-2-max	7.000000000000001
style4_C_iso_lowpoly_brand	flux-2-max	7.000000000000001
style4_D_iso_lowpoly_minimal	flux-2-max	7.000000000000001
style4_E_lowpoly_studio_brand	flux-2-max	7.000000000000001
style4_F_iso_lowpoly_detailed	flux-2-max	7.000000000000001
premium_car_hero	flux-2-max	7.000000000000001
premium_intersection	flux-2-max	7.000000000000001
premium_trafficlight	flux-2-max	7.000000000000001
premium_diorama	flux-2-max	7.000000000000001
premium_car_neutral	flux-2-max	7.000000000000001
matrix_R1_gray_iso_matte	flux-2-max	7.000000000000001
matrix_R2_white_iso_matte	flux-2-max	7.000000000000001
matrix_R3_gray_3q_satin	flux-2-max	7.000000000000001
matrix_R4_bluetint_iso	flux-2-max	7.000000000000001
matrix_R5_white_topdown	flux-2-max	7.000000000000001
matrix_R6_gray_iso_glossy	flux-2-max	7.000000000000001
matrix_O1_sign_object	flux-2-max	7.000000000000001
matrix_O2_trafficlight	flux-2-max	7.000000000000001
proof_scenario	flux-2-max	7.000000000000001
proof_hero	flux-2-max	7.000000000000001
color_warm_cream	flux-2-max	7.000000000000001
color_soft_sky	flux-2-max	7.000000000000001
color_colorful_world	flux-2-max	7.000000000000001
color_pastel_mint	flux-2-max	7.000000000000001
color_duotone_soft	flux-2-max	7.000000000000001
fb_world	flux-2-max	7.000000000000001
fb_block	flux-2-max	7.000000000000001
real_world	flux-2-max	7.000000000000001
real_clean	flux-2-max	7.000000000000001
warm_hero	flux-2-max	7.000000000000001
warm_golden	flux-2-max	7.000000000000001
warm_soft	flux-2-max	7.000000000000001
merge_b	flux-2-max	7.000000000000001
merge_a	flux-2-max	7.000000000000001
q_left_turn	flux-2-max	7.000000000000001
q_unreg_intersection	flux-2-max	7.000000000000001
q_ped_crossing	flux-2-max	7.000000000000001
q_roundabout	flux-2-max	7.000000000000001
reskin_giveway_b	flux-2-max-edit	10
reskin_giveway_a	flux-2-max-edit	10
reskin_sign	flux-2-max-edit	10
q_leftturn	flux-2-max-edit	10
reskin_styleB_realistic	flux-2-max-edit	10
reskin_styleA_cartoon	flux-2-max-edit	10
reskin_persp_test	flux-2-max-edit	10
reskin_refB_match	flux-2-max-edit	10
reskin_ex_sign	flux-2-max-edit	10
reskin_ex_giveway	flux-2-max-edit	10
canonical_blue	flux-2-max	7.000000000000001
cons_a	flux-2-max-mref	13
cons_b	flux-2-max-mref	13
ex2_giveway	flux-2-max-mref	13
ex2_sign	flux-2-max-mref	13
ex2_leftturn	flux-2-max-mref	13
ex2_giveway_v2	flux-2-max-edit	10
ex2_leftturn_v2	flux-2-max-edit	10
refB_giveway_p1	flux-2-max-edit	10
refB_giveway_p3	flux-2-max-edit	10
restyle_towing_refB	flux-2-max-edit	10
gentle_11_10_0	flux-2-max-edit	10
gentle_12_16_0	flux-2-max-edit	10
gentle_11_6_0	flux-2-max-edit	10
test_pro_11_13_0	flux-2-max-edit	4.5
test_flex_11_13_0	flux-2-max-edit	10
restyle_full_11_6_0	flux-2-max-edit	10
